2023-05-01 19:24:06,198 INFO    StreamThr :7479 [internal.py:wandb_internal():86] W&B internal server running at pid: 7479, started at: 2023-05-01 19:24:06.197932
2023-05-01 19:24:06,198 DEBUG   HandlerThread:7479 [handler.py:handle_request():144] handle_request: status
2023-05-01 19:24:06,206 INFO    WriterThread:7479 [datastore.py:open_for_write():85] open: /home/lalex/Munka/PycharmProjects2/BME/Thesis/fastaudio-experiments/esc-50/wandb/run-20230501_192406-5aowa2zn/run-5aowa2zn.wandb
2023-05-01 19:24:06,206 DEBUG   SenderThread:7479 [sender.py:send():375] send: header
2023-05-01 19:24:06,221 DEBUG   SenderThread:7479 [sender.py:send():375] send: run
2023-05-01 19:24:10,681 INFO    SenderThread:7479 [dir_watcher.py:__init__():219] watching files in: /home/lalex/Munka/PycharmProjects2/BME/Thesis/fastaudio-experiments/esc-50/wandb/run-20230501_192406-5aowa2zn/files
2023-05-01 19:24:10,682 INFO    SenderThread:7479 [sender.py:_start_run_threads():1124] run started: 5aowa2zn with start time 1682961846.203728
2023-05-01 19:24:10,682 DEBUG   SenderThread:7479 [sender.py:send_request():402] send_request: summary_record
2023-05-01 19:24:10,682 INFO    SenderThread:7479 [sender.py:_save_file():1378] saving file wandb-summary.json with policy end
2023-05-01 19:24:10,683 DEBUG   HandlerThread:7479 [handler.py:handle_request():144] handle_request: check_version
2023-05-01 19:24:10,683 DEBUG   SenderThread:7479 [sender.py:send_request():402] send_request: check_version
2023-05-01 19:24:11,227 DEBUG   HandlerThread:7479 [handler.py:handle_request():144] handle_request: status_report
2023-05-01 19:24:11,235 DEBUG   HandlerThread:7479 [handler.py:handle_request():144] handle_request: run_start
2023-05-01 19:24:11,242 DEBUG   HandlerThread:7479 [system_info.py:__init__():31] System info init
2023-05-01 19:24:11,242 DEBUG   HandlerThread:7479 [system_info.py:__init__():46] System info init done
2023-05-01 19:24:11,242 INFO    HandlerThread:7479 [system_monitor.py:start():181] Starting system monitor
2023-05-01 19:24:11,242 INFO    SystemMonitor:7479 [system_monitor.py:_start():145] Starting system asset monitoring threads
2023-05-01 19:24:11,242 INFO    HandlerThread:7479 [system_monitor.py:probe():201] Collecting system info
2023-05-01 19:24:11,243 INFO    SystemMonitor:7479 [interfaces.py:start():190] Started cpu monitoring
2023-05-01 19:24:11,243 INFO    SystemMonitor:7479 [interfaces.py:start():190] Started disk monitoring
2023-05-01 19:24:11,244 INFO    SystemMonitor:7479 [interfaces.py:start():190] Started gpu monitoring
2023-05-01 19:24:11,244 INFO    SystemMonitor:7479 [interfaces.py:start():190] Started memory monitoring
2023-05-01 19:24:11,244 INFO    SystemMonitor:7479 [interfaces.py:start():190] Started network monitoring
2023-05-01 19:24:11,250 ERROR   gpu       :7479 [interfaces.py:monitor():144] Failed to sample metric: Not Supported
2023-05-01 19:24:11,250 ERROR   gpu       :7479 [interfaces.py:monitor():144] Failed to sample metric: Not Supported
2023-05-01 19:24:11,252 DEBUG   HandlerThread:7479 [system_info.py:probe():195] Probing system
2023-05-01 19:24:11,252 DEBUG   HandlerThread:7479 [system_info.py:_probe_git():180] Probing git
2023-05-01 19:24:11,262 DEBUG   HandlerThread:7479 [system_info.py:_probe_git():188] Probing git done
2023-05-01 19:24:11,262 DEBUG   HandlerThread:7479 [system_info.py:probe():240] Probing system done
2023-05-01 19:24:11,262 DEBUG   HandlerThread:7479 [system_monitor.py:probe():210] {'os': 'Linux-5.19.0-41-generic-x86_64-with-glibc2.36', 'python': '3.9.16', 'heartbeatAt': '2023-05-01T17:24:11.252134', 'startedAt': '2023-05-01T17:24:06.194135', 'docker': None, 'cuda': None, 'args': (), 'state': 'running', 'program': '/home/lalex/Munka/PycharmProjects2/BME/Thesis/fastaudio-experiments/esc-50/train.py', 'codePath': 'esc-50/train.py', 'git': {'remote': 'https://github.com/jhartquist/fastaudio-experiments.git', 'commit': 'b663bb56e517a4b6a02b62a268724fab0a0da3b7'}, 'email': 'alexanderlabouff@gmail.com', 'root': '/home/lalex/Munka/PycharmProjects2/BME/Thesis/fastaudio-experiments', 'host': 'lalex', 'username': 'lalex', 'executable': '/home/lalex/Munka/Pycharmprojects/envs/fastai2/bin/python', 'cpu_count': 4, 'cpu_count_logical': 8, 'cpu_freq': {'current': 3312.5841249999994, 'min': 400.0, 'max': 4200.0}, 'cpu_freq_per_core': [{'current': 3873.083, 'min': 400.0, 'max': 4200.0}, {'current': 3800.763, 'min': 400.0, 'max': 4200.0}, {'current': 3553.642, 'min': 400.0, 'max': 4200.0}, {'current': 3377.073, 'min': 400.0, 'max': 4200.0}, {'current': 3804.012, 'min': 400.0, 'max': 4200.0}, {'current': 3903.979, 'min': 400.0, 'max': 4200.0}, {'current': 3375.756, 'min': 400.0, 'max': 4200.0}, {'current': 3710.835, 'min': 400.0, 'max': 4200.0}], 'disk': {'total': 233.17998886108398, 'used': 131.65154266357422}, 'gpu': 'NVIDIA GeForce MX350', 'gpu_count': 1, 'gpu_devices': [{'name': 'NVIDIA GeForce MX350', 'memory_total': 2147483648}], 'memory': {'total': 7.504474639892578}}
2023-05-01 19:24:11,262 INFO    HandlerThread:7479 [system_monitor.py:probe():211] Finished collecting system info
2023-05-01 19:24:11,262 INFO    HandlerThread:7479 [system_monitor.py:probe():214] Publishing system info
2023-05-01 19:24:11,262 DEBUG   HandlerThread:7479 [system_info.py:_save_pip():51] Saving list of pip packages installed into the current environment
2023-05-01 19:24:11,262 DEBUG   HandlerThread:7479 [system_info.py:_save_pip():67] Saving pip packages done
2023-05-01 19:24:11,262 DEBUG   HandlerThread:7479 [system_info.py:_save_conda():74] Saving list of conda packages installed into the current environment
2023-05-01 19:24:11,684 INFO    Thread-12 :7479 [dir_watcher.py:_on_file_created():278] file/dir created: /home/lalex/Munka/PycharmProjects2/BME/Thesis/fastaudio-experiments/esc-50/wandb/run-20230501_192406-5aowa2zn/files/wandb-summary.json
2023-05-01 19:24:11,684 INFO    Thread-12 :7479 [dir_watcher.py:_on_file_created():278] file/dir created: /home/lalex/Munka/PycharmProjects2/BME/Thesis/fastaudio-experiments/esc-50/wandb/run-20230501_192406-5aowa2zn/files/conda-environment.yaml
2023-05-01 19:24:11,684 INFO    Thread-12 :7479 [dir_watcher.py:_on_file_created():278] file/dir created: /home/lalex/Munka/PycharmProjects2/BME/Thesis/fastaudio-experiments/esc-50/wandb/run-20230501_192406-5aowa2zn/files/requirements.txt
2023-05-01 19:24:13,127 DEBUG   HandlerThread:7479 [system_info.py:_save_conda():86] Saving conda packages done
2023-05-01 19:24:13,127 DEBUG   HandlerThread:7479 [system_info.py:_save_code():89] Saving code
2023-05-01 19:24:13,132 DEBUG   HandlerThread:7479 [system_info.py:_save_code():110] Saving code done
2023-05-01 19:24:13,132 DEBUG   HandlerThread:7479 [system_info.py:_save_patches():127] Saving git patches
2023-05-01 19:24:13,163 DEBUG   HandlerThread:7479 [system_info.py:_save_patches():169] Saving git patches done
2023-05-01 19:24:13,163 INFO    HandlerThread:7479 [system_monitor.py:probe():216] Finished publishing system info
2023-05-01 19:24:13,165 DEBUG   SenderThread:7479 [sender.py:send():375] send: files
2023-05-01 19:24:13,165 INFO    SenderThread:7479 [sender.py:_save_file():1378] saving file wandb-metadata.json with policy now
2023-05-01 19:24:13,165 INFO    SenderThread:7479 [sender.py:_save_file():1378] saving file code/esc-50/train.py with policy now
2023-05-01 19:24:13,165 INFO    SenderThread:7479 [sender.py:_save_file():1378] saving file diff.patch with policy now
2023-05-01 19:24:13,170 DEBUG   HandlerThread:7479 [handler.py:handle_request():144] handle_request: stop_status
2023-05-01 19:24:13,171 DEBUG   SenderThread:7479 [sender.py:send():375] send: telemetry
2023-05-01 19:24:13,171 DEBUG   SenderThread:7479 [sender.py:send_request():402] send_request: stop_status
2023-05-01 19:24:13,251 ERROR   gpu       :7479 [interfaces.py:monitor():144] Failed to sample metric: Not Supported
2023-05-01 19:24:13,251 ERROR   gpu       :7479 [interfaces.py:monitor():144] Failed to sample metric: Not Supported
2023-05-01 19:24:13,684 INFO    Thread-12 :7479 [dir_watcher.py:_on_file_modified():295] file/dir modified: /home/lalex/Munka/PycharmProjects2/BME/Thesis/fastaudio-experiments/esc-50/wandb/run-20230501_192406-5aowa2zn/files/conda-environment.yaml
2023-05-01 19:24:13,684 INFO    Thread-12 :7479 [dir_watcher.py:_on_file_created():278] file/dir created: /home/lalex/Munka/PycharmProjects2/BME/Thesis/fastaudio-experiments/esc-50/wandb/run-20230501_192406-5aowa2zn/files/code/esc-50/train.py
2023-05-01 19:24:13,684 INFO    Thread-12 :7479 [dir_watcher.py:_on_file_created():278] file/dir created: /home/lalex/Munka/PycharmProjects2/BME/Thesis/fastaudio-experiments/esc-50/wandb/run-20230501_192406-5aowa2zn/files/wandb-metadata.json
2023-05-01 19:24:13,684 INFO    Thread-12 :7479 [dir_watcher.py:_on_file_created():278] file/dir created: /home/lalex/Munka/PycharmProjects2/BME/Thesis/fastaudio-experiments/esc-50/wandb/run-20230501_192406-5aowa2zn/files/diff.patch
2023-05-01 19:24:13,684 INFO    Thread-12 :7479 [dir_watcher.py:_on_file_created():278] file/dir created: /home/lalex/Munka/PycharmProjects2/BME/Thesis/fastaudio-experiments/esc-50/wandb/run-20230501_192406-5aowa2zn/files/code/esc-50
2023-05-01 19:24:13,684 INFO    Thread-12 :7479 [dir_watcher.py:_on_file_created():278] file/dir created: /home/lalex/Munka/PycharmProjects2/BME/Thesis/fastaudio-experiments/esc-50/wandb/run-20230501_192406-5aowa2zn/files/code
2023-05-01 19:24:13,737 INFO    wandb-upload_0:7479 [upload_job.py:push():137] Uploaded file /tmp/tmp2_ley__4wandb/9lth2l8y-wandb-metadata.json
2023-05-01 19:24:14,271 INFO    SenderThread:7479 [retry.py:__call__():172] Retry attempt failed:
Traceback (most recent call last):
  File "/home/lalex/Munka/Pycharmprojects/envs/fastai2/lib/python3.9/site-packages/urllib3/connection.py", line 174, in _new_conn
    conn = connection.create_connection(
  File "/home/lalex/Munka/Pycharmprojects/envs/fastai2/lib/python3.9/site-packages/urllib3/util/connection.py", line 95, in create_connection
    raise err
  File "/home/lalex/Munka/Pycharmprojects/envs/fastai2/lib/python3.9/site-packages/urllib3/util/connection.py", line 85, in create_connection
    sock.connect(sa)
OSError: [Errno 113] No route to host

During handling of the above exception, another exception occurred:

Traceback (most recent call last):
  File "/home/lalex/Munka/Pycharmprojects/envs/fastai2/lib/python3.9/site-packages/urllib3/connectionpool.py", line 703, in urlopen
    httplib_response = self._make_request(
  File "/home/lalex/Munka/Pycharmprojects/envs/fastai2/lib/python3.9/site-packages/urllib3/connectionpool.py", line 386, in _make_request
    self._validate_conn(conn)
  File "/home/lalex/Munka/Pycharmprojects/envs/fastai2/lib/python3.9/site-packages/urllib3/connectionpool.py", line 1042, in _validate_conn
    conn.connect()
  File "/home/lalex/Munka/Pycharmprojects/envs/fastai2/lib/python3.9/site-packages/urllib3/connection.py", line 363, in connect
    self.sock = conn = self._new_conn()
  File "/home/lalex/Munka/Pycharmprojects/envs/fastai2/lib/python3.9/site-packages/urllib3/connection.py", line 186, in _new_conn
    raise NewConnectionError(
urllib3.exceptions.NewConnectionError: <urllib3.connection.HTTPSConnection object at 0x7fb00acf5190>: Failed to establish a new connection: [Errno 113] No route to host

During handling of the above exception, another exception occurred:

Traceback (most recent call last):
  File "/home/lalex/Munka/Pycharmprojects/envs/fastai2/lib/python3.9/site-packages/requests/adapters.py", line 487, in send
    resp = conn.urlopen(
  File "/home/lalex/Munka/Pycharmprojects/envs/fastai2/lib/python3.9/site-packages/urllib3/connectionpool.py", line 787, in urlopen
    retries = retries.increment(
  File "/home/lalex/Munka/Pycharmprojects/envs/fastai2/lib/python3.9/site-packages/urllib3/util/retry.py", line 592, in increment
    raise MaxRetryError(_pool, url, error or ResponseError(cause))
urllib3.exceptions.MaxRetryError: HTTPSConnectionPool(host='api.wandb.ai', port=443): Max retries exceeded with url: /graphql (Caused by NewConnectionError('<urllib3.connection.HTTPSConnection object at 0x7fb00acf5190>: Failed to establish a new connection: [Errno 113] No route to host'))

During handling of the above exception, another exception occurred:

Traceback (most recent call last):
  File "/home/lalex/Munka/Pycharmprojects/envs/fastai2/lib/python3.9/site-packages/wandb/sdk/lib/retry.py", line 131, in __call__
    result = self._call_fn(*args, **kwargs)
  File "/home/lalex/Munka/Pycharmprojects/envs/fastai2/lib/python3.9/site-packages/wandb/sdk/internal/internal_api.py", line 285, in execute
    return self.client.execute(*args, **kwargs)  # type: ignore
  File "/home/lalex/Munka/Pycharmprojects/envs/fastai2/lib/python3.9/site-packages/wandb/vendor/gql-0.2.0/wandb_gql/client.py", line 52, in execute
    result = self._get_result(document, *args, **kwargs)
  File "/home/lalex/Munka/Pycharmprojects/envs/fastai2/lib/python3.9/site-packages/wandb/vendor/gql-0.2.0/wandb_gql/client.py", line 60, in _get_result
    return self.transport.execute(document, *args, **kwargs)
  File "/home/lalex/Munka/Pycharmprojects/envs/fastai2/lib/python3.9/site-packages/wandb/sdk/lib/gql_request.py", line 55, in execute
    request = self.session.post(self.url, **post_args)
  File "/home/lalex/Munka/Pycharmprojects/envs/fastai2/lib/python3.9/site-packages/requests/sessions.py", line 635, in post
    return self.request("POST", url, data=data, json=json, **kwargs)
  File "/home/lalex/Munka/Pycharmprojects/envs/fastai2/lib/python3.9/site-packages/requests/sessions.py", line 587, in request
    resp = self.send(prep, **send_kwargs)
  File "/home/lalex/Munka/Pycharmprojects/envs/fastai2/lib/python3.9/site-packages/requests/sessions.py", line 701, in send
    r = adapter.send(request, **kwargs)
  File "/home/lalex/Munka/Pycharmprojects/envs/fastai2/lib/python3.9/site-packages/requests/adapters.py", line 520, in send
    raise ConnectionError(e, request=request)
requests.exceptions.ConnectionError: HTTPSConnectionPool(host='api.wandb.ai', port=443): Max retries exceeded with url: /graphql (Caused by NewConnectionError('<urllib3.connection.HTTPSConnection object at 0x7fb00acf5190>: Failed to establish a new connection: [Errno 113] No route to host'))
2023-05-01 19:24:14,374 INFO    wandb-upload_1:7479 [upload_job.py:push():117] Skipped uploading /tmp/tmp2_ley__4wandb/f5pnutqs-code/esc-50/train.py
2023-05-01 19:24:15,252 ERROR   gpu       :7479 [interfaces.py:monitor():144] Failed to sample metric: Not Supported
2023-05-01 19:24:15,252 ERROR   gpu       :7479 [interfaces.py:monitor():144] Failed to sample metric: Not Supported
2023-05-01 19:24:16,851 DEBUG   HandlerThread:7479 [handler.py:handle_request():144] handle_request: status_report
2023-05-01 19:24:17,252 ERROR   gpu       :7479 [interfaces.py:monitor():144] Failed to sample metric: Not Supported
2023-05-01 19:24:17,253 ERROR   gpu       :7479 [interfaces.py:monitor():144] Failed to sample metric: Not Supported
2023-05-01 19:24:17,361 INFO    wandb-upload_2:7479 [upload_job.py:push():137] Uploaded file /tmp/tmp2_ley__4wandb/m9fcr2cm-diff.patch
2023-05-01 19:24:17,685 INFO    Thread-12 :7479 [dir_watcher.py:_on_file_created():278] file/dir created: /home/lalex/Munka/PycharmProjects2/BME/Thesis/fastaudio-experiments/esc-50/wandb/run-20230501_192406-5aowa2zn/files/output.log
2023-05-01 19:24:19,254 ERROR   gpu       :7479 [interfaces.py:monitor():144] Failed to sample metric: Not Supported
2023-05-01 19:24:19,254 ERROR   gpu       :7479 [interfaces.py:monitor():144] Failed to sample metric: Not Supported
2023-05-01 19:24:19,686 INFO    Thread-12 :7479 [dir_watcher.py:_on_file_modified():295] file/dir modified: /home/lalex/Munka/PycharmProjects2/BME/Thesis/fastaudio-experiments/esc-50/wandb/run-20230501_192406-5aowa2zn/files/output.log
2023-05-01 19:24:21,255 ERROR   gpu       :7479 [interfaces.py:monitor():144] Failed to sample metric: Not Supported
2023-05-01 19:24:21,255 ERROR   gpu       :7479 [interfaces.py:monitor():144] Failed to sample metric: Not Supported
2023-05-01 19:24:21,897 DEBUG   HandlerThread:7479 [handler.py:handle_request():144] handle_request: status_report
2023-05-01 19:24:22,376 DEBUG   SenderThread:7479 [sender.py:send():375] send: exit
2023-05-01 19:24:22,376 INFO    SenderThread:7479 [sender.py:send_exit():598] handling exit code: 1
2023-05-01 19:24:22,377 INFO    SenderThread:7479 [sender.py:send_exit():600] handling runtime: 11
2023-05-01 19:24:22,379 INFO    SenderThread:7479 [sender.py:_save_file():1378] saving file wandb-summary.json with policy end
2023-05-01 19:24:22,379 INFO    SenderThread:7479 [sender.py:send_exit():606] send defer
2023-05-01 19:24:22,379 DEBUG   HandlerThread:7479 [handler.py:handle_request():144] handle_request: defer
2023-05-01 19:24:22,379 INFO    HandlerThread:7479 [handler.py:handle_request_defer():170] handle defer: 0
2023-05-01 19:24:22,380 DEBUG   SenderThread:7479 [sender.py:send_request():402] send_request: defer
2023-05-01 19:24:22,380 INFO    SenderThread:7479 [sender.py:send_request_defer():622] handle sender defer: 0
2023-05-01 19:24:22,380 INFO    SenderThread:7479 [sender.py:transition_state():626] send defer: 1
2023-05-01 19:24:22,380 DEBUG   HandlerThread:7479 [handler.py:handle_request():144] handle_request: defer
2023-05-01 19:24:22,380 INFO    HandlerThread:7479 [handler.py:handle_request_defer():170] handle defer: 1
2023-05-01 19:24:22,380 DEBUG   SenderThread:7479 [sender.py:send_request():402] send_request: defer
2023-05-01 19:24:22,380 INFO    SenderThread:7479 [sender.py:send_request_defer():622] handle sender defer: 1
2023-05-01 19:24:22,380 INFO    SenderThread:7479 [sender.py:transition_state():626] send defer: 2
2023-05-01 19:24:22,380 DEBUG   HandlerThread:7479 [handler.py:handle_request():144] handle_request: defer
2023-05-01 19:24:22,380 INFO    HandlerThread:7479 [handler.py:handle_request_defer():170] handle defer: 2
2023-05-01 19:24:22,380 INFO    HandlerThread:7479 [system_monitor.py:finish():190] Stopping system monitor
2023-05-01 19:24:22,380 DEBUG   SystemMonitor:7479 [system_monitor.py:_start():159] Starting system metrics aggregation loop
2023-05-01 19:24:22,380 DEBUG   SystemMonitor:7479 [system_monitor.py:_start():166] Finished system metrics aggregation loop
2023-05-01 19:24:22,380 INFO    HandlerThread:7479 [interfaces.py:finish():202] Joined cpu monitor
2023-05-01 19:24:22,380 DEBUG   SystemMonitor:7479 [system_monitor.py:_start():170] Publishing last batch of metrics
2023-05-01 19:24:22,381 INFO    HandlerThread:7479 [interfaces.py:finish():202] Joined disk monitor
2023-05-01 19:24:22,407 ERROR   gpu       :7479 [interfaces.py:aggregate():161] Failed to serialize metric: division by zero
2023-05-01 19:24:22,407 INFO    HandlerThread:7479 [interfaces.py:finish():202] Joined gpu monitor
2023-05-01 19:24:22,407 INFO    HandlerThread:7479 [interfaces.py:finish():202] Joined memory monitor
2023-05-01 19:24:22,407 INFO    HandlerThread:7479 [interfaces.py:finish():202] Joined network monitor
2023-05-01 19:24:22,408 DEBUG   SenderThread:7479 [sender.py:send_request():402] send_request: defer
2023-05-01 19:24:22,408 INFO    SenderThread:7479 [sender.py:send_request_defer():622] handle sender defer: 2
2023-05-01 19:24:22,408 INFO    SenderThread:7479 [sender.py:transition_state():626] send defer: 3
2023-05-01 19:24:22,408 DEBUG   SenderThread:7479 [sender.py:send():375] send: stats
2023-05-01 19:24:22,408 DEBUG   HandlerThread:7479 [handler.py:handle_request():144] handle_request: defer
2023-05-01 19:24:22,409 INFO    HandlerThread:7479 [handler.py:handle_request_defer():170] handle defer: 3
2023-05-01 19:24:22,409 DEBUG   SenderThread:7479 [sender.py:send_request():402] send_request: defer
2023-05-01 19:24:22,409 INFO    SenderThread:7479 [sender.py:send_request_defer():622] handle sender defer: 3
2023-05-01 19:24:22,409 INFO    SenderThread:7479 [sender.py:transition_state():626] send defer: 4
2023-05-01 19:24:22,409 DEBUG   HandlerThread:7479 [handler.py:handle_request():144] handle_request: defer
2023-05-01 19:24:22,409 INFO    HandlerThread:7479 [handler.py:handle_request_defer():170] handle defer: 4
2023-05-01 19:24:22,409 DEBUG   SenderThread:7479 [sender.py:send_request():402] send_request: defer
2023-05-01 19:24:22,409 INFO    SenderThread:7479 [sender.py:send_request_defer():622] handle sender defer: 4
2023-05-01 19:24:22,409 INFO    SenderThread:7479 [sender.py:transition_state():626] send defer: 5
2023-05-01 19:24:22,410 DEBUG   HandlerThread:7479 [handler.py:handle_request():144] handle_request: defer
2023-05-01 19:24:22,410 INFO    HandlerThread:7479 [handler.py:handle_request_defer():170] handle defer: 5
2023-05-01 19:24:22,410 DEBUG   SenderThread:7479 [sender.py:send():375] send: summary
2023-05-01 19:24:22,410 INFO    SenderThread:7479 [sender.py:_save_file():1378] saving file wandb-summary.json with policy end
2023-05-01 19:24:22,411 DEBUG   SenderThread:7479 [sender.py:send_request():402] send_request: defer
2023-05-01 19:24:22,411 INFO    SenderThread:7479 [sender.py:send_request_defer():622] handle sender defer: 5
2023-05-01 19:24:22,411 INFO    SenderThread:7479 [sender.py:transition_state():626] send defer: 6
2023-05-01 19:24:22,411 DEBUG   HandlerThread:7479 [handler.py:handle_request():144] handle_request: defer
2023-05-01 19:24:22,411 INFO    HandlerThread:7479 [handler.py:handle_request_defer():170] handle defer: 6
2023-05-01 19:24:22,411 DEBUG   SenderThread:7479 [sender.py:send_request():402] send_request: defer
2023-05-01 19:24:22,411 INFO    SenderThread:7479 [sender.py:send_request_defer():622] handle sender defer: 6
2023-05-01 19:24:22,415 DEBUG   HandlerThread:7479 [handler.py:handle_request():144] handle_request: status_report
2023-05-01 19:24:22,687 INFO    Thread-12 :7479 [dir_watcher.py:_on_file_modified():295] file/dir modified: /home/lalex/Munka/PycharmProjects2/BME/Thesis/fastaudio-experiments/esc-50/wandb/run-20230501_192406-5aowa2zn/files/wandb-summary.json
2023-05-01 19:24:22,792 INFO    SenderThread:7479 [sender.py:transition_state():626] send defer: 7
2023-05-01 19:24:22,792 DEBUG   HandlerThread:7479 [handler.py:handle_request():144] handle_request: defer
2023-05-01 19:24:22,792 INFO    HandlerThread:7479 [handler.py:handle_request_defer():170] handle defer: 7
2023-05-01 19:24:22,792 DEBUG   SenderThread:7479 [sender.py:send_request():402] send_request: defer
2023-05-01 19:24:22,792 INFO    SenderThread:7479 [sender.py:send_request_defer():622] handle sender defer: 7
2023-05-01 19:24:22,907 INFO    SenderThread:7479 [sender.py:transition_state():626] send defer: 8
2023-05-01 19:24:22,907 DEBUG   HandlerThread:7479 [handler.py:handle_request():144] handle_request: defer
2023-05-01 19:24:22,907 INFO    HandlerThread:7479 [handler.py:handle_request_defer():170] handle defer: 8
2023-05-01 19:24:22,908 DEBUG   SenderThread:7479 [sender.py:send_request():402] send_request: defer
2023-05-01 19:24:22,908 INFO    SenderThread:7479 [sender.py:send_request_defer():622] handle sender defer: 8
2023-05-01 19:24:22,917 INFO    SenderThread:7479 [sender.py:transition_state():626] send defer: 9
2023-05-01 19:24:22,918 DEBUG   SenderThread:7479 [sender.py:send():375] send: artifact
2023-05-01 19:24:22,918 DEBUG   HandlerThread:7479 [handler.py:handle_request():144] handle_request: defer
2023-05-01 19:24:22,923 INFO    HandlerThread:7479 [handler.py:handle_request_defer():170] handle defer: 9
2023-05-01 19:24:23,377 DEBUG   HandlerThread:7479 [handler.py:handle_request():144] handle_request: poll_exit
2023-05-01 19:24:23,688 INFO    Thread-12 :7479 [dir_watcher.py:_on_file_modified():295] file/dir modified: /home/lalex/Munka/PycharmProjects2/BME/Thesis/fastaudio-experiments/esc-50/wandb/run-20230501_192406-5aowa2zn/files/output.log
2023-05-01 19:24:23,688 INFO    Thread-12 :7479 [dir_watcher.py:_on_file_modified():295] file/dir modified: /home/lalex/Munka/PycharmProjects2/BME/Thesis/fastaudio-experiments/esc-50/wandb/run-20230501_192406-5aowa2zn/files/config.yaml
2023-05-01 19:24:24,834 INFO    wandb-upload_2:7479 [upload_job.py:push():92] Skipped uploading /home/lalex/.local/share/wandb/artifacts/staging/tmpp4x4owbr
2023-05-01 19:24:24,834 INFO    wandb-upload_1:7479 [upload_job.py:push():92] Skipped uploading /home/lalex/.local/share/wandb/artifacts/staging/tmplk2j956h
2023-05-01 19:24:25,252 INFO    wandb-upload_0:7479 [upload_job.py:push():95] Uploaded file /home/lalex/.local/share/wandb/artifacts/staging/tmp530z57w8
2023-05-01 19:24:27,291 INFO    SenderThread:7479 [sender.py:send_artifact():1474] sent artifact job-https___github.com_jhartquist_fastaudio-experiments.git_esc-50_train.py - {'id': 'QXJ0aWZhY3Q6NDM4NzIwMTcz', 'digest': '4b2e493eb0d20cf6262718fffea84fb4', 'state': 'PENDING', 'aliases': [], 'artifactSequence': {'id': 'QXJ0aWZhY3RDb2xsZWN0aW9uOjY1MDE1OTA0', 'latestArtifact': {'id': 'QXJ0aWZhY3Q6NDM4NjYzNjMw', 'versionIndex': 11}}, 'version': 'latest'}
2023-05-01 19:24:27,291 DEBUG   SenderThread:7479 [sender.py:send_request():402] send_request: defer
2023-05-01 19:24:27,291 INFO    SenderThread:7479 [sender.py:send_request_defer():622] handle sender defer: 9
2023-05-01 19:24:27,291 INFO    SenderThread:7479 [dir_watcher.py:finish():365] shutting down directory watcher
2023-05-01 19:24:27,689 INFO    SenderThread:7479 [dir_watcher.py:finish():395] scan: /home/lalex/Munka/PycharmProjects2/BME/Thesis/fastaudio-experiments/esc-50/wandb/run-20230501_192406-5aowa2zn/files
2023-05-01 19:24:27,689 INFO    SenderThread:7479 [dir_watcher.py:finish():409] scan save: /home/lalex/Munka/PycharmProjects2/BME/Thesis/fastaudio-experiments/esc-50/wandb/run-20230501_192406-5aowa2zn/files/diff.patch diff.patch
2023-05-01 19:24:27,689 INFO    SenderThread:7479 [dir_watcher.py:finish():409] scan save: /home/lalex/Munka/PycharmProjects2/BME/Thesis/fastaudio-experiments/esc-50/wandb/run-20230501_192406-5aowa2zn/files/output.log output.log
2023-05-01 19:24:27,690 INFO    SenderThread:7479 [dir_watcher.py:finish():409] scan save: /home/lalex/Munka/PycharmProjects2/BME/Thesis/fastaudio-experiments/esc-50/wandb/run-20230501_192406-5aowa2zn/files/conda-environment.yaml conda-environment.yaml
2023-05-01 19:24:27,690 INFO    SenderThread:7479 [dir_watcher.py:finish():409] scan save: /home/lalex/Munka/PycharmProjects2/BME/Thesis/fastaudio-experiments/esc-50/wandb/run-20230501_192406-5aowa2zn/files/wandb-metadata.json wandb-metadata.json
2023-05-01 19:24:27,690 INFO    SenderThread:7479 [dir_watcher.py:finish():409] scan save: /home/lalex/Munka/PycharmProjects2/BME/Thesis/fastaudio-experiments/esc-50/wandb/run-20230501_192406-5aowa2zn/files/requirements.txt requirements.txt
2023-05-01 19:24:27,695 INFO    SenderThread:7479 [dir_watcher.py:finish():409] scan save: /home/lalex/Munka/PycharmProjects2/BME/Thesis/fastaudio-experiments/esc-50/wandb/run-20230501_192406-5aowa2zn/files/wandb-summary.json wandb-summary.json
2023-05-01 19:24:27,698 INFO    SenderThread:7479 [dir_watcher.py:finish():409] scan save: /home/lalex/Munka/PycharmProjects2/BME/Thesis/fastaudio-experiments/esc-50/wandb/run-20230501_192406-5aowa2zn/files/config.yaml config.yaml
2023-05-01 19:24:27,698 INFO    SenderThread:7479 [dir_watcher.py:finish():409] scan save: /home/lalex/Munka/PycharmProjects2/BME/Thesis/fastaudio-experiments/esc-50/wandb/run-20230501_192406-5aowa2zn/files/code/esc-50/train.py code/esc-50/train.py
2023-05-01 19:24:27,698 INFO    SenderThread:7479 [sender.py:transition_state():626] send defer: 10
2023-05-01 19:24:27,698 DEBUG   SenderThread:7479 [sender.py:send_request():402] send_request: poll_exit
2023-05-01 19:24:27,699 DEBUG   HandlerThread:7479 [handler.py:handle_request():144] handle_request: defer
2023-05-01 19:24:27,701 INFO    HandlerThread:7479 [handler.py:handle_request_defer():170] handle defer: 10
2023-05-01 19:24:27,704 DEBUG   SenderThread:7479 [sender.py:send_request():402] send_request: defer
2023-05-01 19:24:27,704 INFO    SenderThread:7479 [sender.py:send_request_defer():622] handle sender defer: 10
2023-05-01 19:24:27,704 INFO    SenderThread:7479 [file_pusher.py:finish():168] shutting down file pusher
2023-05-01 19:24:28,378 DEBUG   HandlerThread:7479 [handler.py:handle_request():144] handle_request: keepalive
2023-05-01 19:24:28,519 INFO    wandb-upload_0:7479 [upload_job.py:push():137] Uploaded file /home/lalex/Munka/PycharmProjects2/BME/Thesis/fastaudio-experiments/esc-50/wandb/run-20230501_192406-5aowa2zn/files/conda-environment.yaml
2023-05-01 19:24:28,519 INFO    wandb-upload_2:7479 [upload_job.py:push():137] Uploaded file /home/lalex/Munka/PycharmProjects2/BME/Thesis/fastaudio-experiments/esc-50/wandb/run-20230501_192406-5aowa2zn/files/output.log
2023-05-01 19:24:29,542 INFO    wandb-upload_3:7479 [upload_job.py:push():137] Uploaded file /home/lalex/Munka/PycharmProjects2/BME/Thesis/fastaudio-experiments/esc-50/wandb/run-20230501_192406-5aowa2zn/files/wandb-summary.json
2023-05-01 19:24:29,543 INFO    wandb-upload_1:7479 [upload_job.py:push():137] Uploaded file /home/lalex/Munka/PycharmProjects2/BME/Thesis/fastaudio-experiments/esc-50/wandb/run-20230501_192406-5aowa2zn/files/requirements.txt
2023-05-01 19:24:31,999 INFO    wandb-upload_4:7479 [upload_job.py:push():137] Uploaded file /home/lalex/Munka/PycharmProjects2/BME/Thesis/fastaudio-experiments/esc-50/wandb/run-20230501_192406-5aowa2zn/files/config.yaml
2023-05-01 19:24:32,200 INFO    Thread-11 :7479 [sender.py:transition_state():626] send defer: 11
2023-05-01 19:24:32,200 DEBUG   HandlerThread:7479 [handler.py:handle_request():144] handle_request: defer
2023-05-01 19:24:32,200 INFO    HandlerThread:7479 [handler.py:handle_request_defer():170] handle defer: 11
2023-05-01 19:24:32,201 DEBUG   SenderThread:7479 [sender.py:send_request():402] send_request: defer
2023-05-01 19:24:32,201 INFO    SenderThread:7479 [sender.py:send_request_defer():622] handle sender defer: 11
2023-05-01 19:24:32,201 INFO    SenderThread:7479 [file_pusher.py:join():173] waiting for file pusher
2023-05-01 19:24:32,201 INFO    SenderThread:7479 [sender.py:transition_state():626] send defer: 12
2023-05-01 19:24:32,201 DEBUG   HandlerThread:7479 [handler.py:handle_request():144] handle_request: defer
2023-05-01 19:24:32,201 INFO    HandlerThread:7479 [handler.py:handle_request_defer():170] handle defer: 12
2023-05-01 19:24:32,201 DEBUG   SenderThread:7479 [sender.py:send_request():402] send_request: defer
2023-05-01 19:24:32,201 INFO    SenderThread:7479 [sender.py:send_request_defer():622] handle sender defer: 12
2023-05-01 19:24:32,613 INFO    SenderThread:7479 [sender.py:transition_state():626] send defer: 13
2023-05-01 19:24:32,614 DEBUG   HandlerThread:7479 [handler.py:handle_request():144] handle_request: defer
2023-05-01 19:24:32,614 INFO    HandlerThread:7479 [handler.py:handle_request_defer():170] handle defer: 13
2023-05-01 19:24:32,614 DEBUG   HandlerThread:7479 [handler.py:handle_request():144] handle_request: status_report
2023-05-01 19:24:32,614 DEBUG   SenderThread:7479 [sender.py:send_request():402] send_request: defer
2023-05-01 19:24:32,614 INFO    SenderThread:7479 [sender.py:send_request_defer():622] handle sender defer: 13
2023-05-01 19:24:32,614 INFO    SenderThread:7479 [sender.py:transition_state():626] send defer: 14
2023-05-01 19:24:32,614 DEBUG   HandlerThread:7479 [handler.py:handle_request():144] handle_request: defer
2023-05-01 19:24:32,614 DEBUG   SenderThread:7479 [sender.py:send():375] send: final
2023-05-01 19:24:32,614 INFO    HandlerThread:7479 [handler.py:handle_request_defer():170] handle defer: 14
2023-05-01 19:24:32,614 DEBUG   SenderThread:7479 [sender.py:send():375] send: footer
2023-05-01 19:24:32,614 DEBUG   SenderThread:7479 [sender.py:send_request():402] send_request: defer
2023-05-01 19:24:32,615 INFO    SenderThread:7479 [sender.py:send_request_defer():622] handle sender defer: 14
2023-05-01 19:24:32,615 DEBUG   HandlerThread:7479 [handler.py:handle_request():144] handle_request: poll_exit
2023-05-01 19:24:32,615 DEBUG   SenderThread:7479 [sender.py:send_request():402] send_request: poll_exit
2023-05-01 19:24:32,615 DEBUG   HandlerThread:7479 [handler.py:handle_request():144] handle_request: server_info
2023-05-01 19:24:32,615 DEBUG   HandlerThread:7479 [handler.py:handle_request():144] handle_request: get_summary
2023-05-01 19:24:32,616 DEBUG   HandlerThread:7479 [handler.py:handle_request():144] handle_request: sampled_history
2023-05-01 19:24:32,616 DEBUG   SenderThread:7479 [sender.py:send_request():402] send_request: server_info
2023-05-01 19:24:32,921 INFO    MainThread:7479 [wandb_run.py:_footer_history_summary_info():3476] rendering history
2023-05-01 19:24:32,921 INFO    MainThread:7479 [wandb_run.py:_footer_history_summary_info():3508] rendering summary
2023-05-01 19:24:32,921 INFO    MainThread:7479 [wandb_run.py:_footer_sync_info():3434] logging synced files
2023-05-01 19:24:32,922 DEBUG   HandlerThread:7479 [handler.py:handle_request():144] handle_request: shutdown
2023-05-01 19:24:32,922 INFO    HandlerThread:7479 [handler.py:finish():845] shutting down handler
2023-05-01 19:24:33,616 INFO    WriterThread:7479 [datastore.py:close():298] close: /home/lalex/Munka/PycharmProjects2/BME/Thesis/fastaudio-experiments/esc-50/wandb/run-20230501_192406-5aowa2zn/run-5aowa2zn.wandb
2023-05-01 19:24:33,921 INFO    SenderThread:7479 [sender.py:finish():1550] shutting down sender
2023-05-01 19:24:33,921 INFO    SenderThread:7479 [file_pusher.py:finish():168] shutting down file pusher
2023-05-01 19:24:33,921 INFO    SenderThread:7479 [file_pusher.py:join():173] waiting for file pusher
